<?xml version="1.0" encoding="UTF-8"?>
<!-- Generated by org.testng.reporters.JUnitReportReporter -->
<testsuite hostname="SPMUMLAP-070" failures="0" tests="1" name="com.test.user.Recovery.Basic_Information_AllScenarios" time="112.253" errors="0" timestamp="2024-11-27T17:00:12 IST" skipped="0">
  <testcase classname="com.test.user.Recovery.Basic_Information_AllScenarios" name="RUNALL" time="112.253"/>
</testsuite> <!-- com.test.user.Recovery.Basic_Information_AllScenarios -->
