<?xml version="1.0" encoding="UTF-8"?>
<!-- Generated by org.testng.reporters.JUnitReportReporter -->
<testsuite hostname="SPMUMLAP-070" failures="0" tests="1" name="com.test.user.Recovery.Business_Information_AllScenarios" time="245.393" errors="0" timestamp="2024-11-26T18:59:29 IST" skipped="0">
  <testcase classname="com.test.user.Recovery.Business_Information_AllScenarios" name="RUNALL" time="245.393"/>
</testsuite> <!-- com.test.user.Recovery.Business_Information_AllScenarios -->
